CRITICAL - 2021-12-29 17:02:15 --> Too few arguments to function App\Models\admin\ModelBerita::getBeritaEdit(), 0 passed in C:\xampp\htdocs\psg_new\app\Controllers\Admin\Berita.php on line 67 and exactly 1 expected
#0 C:\xampp\htdocs\psg_new\app\Controllers\Admin\Berita.php(67): App\Models\admin\ModelBerita->getBeritaEdit()
#1 C:\xampp\htdocs\psg_new\system\CodeIgniter.php(824): App\Controllers\Admin\Berita->edit('1')
#2 C:\xampp\htdocs\psg_new\system\CodeIgniter.php(410): CodeIgniter\CodeIgniter->runController(Object(App\Controllers\Admin\Berita))
#3 C:\xampp\htdocs\psg_new\system\CodeIgniter.php(318): CodeIgniter\CodeIgniter->handleRequest(NULL, Object(Config\Cache), false)
#4 C:\xampp\htdocs\psg_new\index.php(37): CodeIgniter\CodeIgniter->run()
#5 {main}
CRITICAL - 2021-12-29 17:04:07 --> Too few arguments to function App\Models\admin\ModelBerita::getBeritaEdit(), 0 passed in C:\xampp\htdocs\psg_new\app\Controllers\Admin\Berita.php on line 67 and exactly 1 expected
#0 C:\xampp\htdocs\psg_new\app\Controllers\Admin\Berita.php(67): App\Models\admin\ModelBerita->getBeritaEdit()
#1 C:\xampp\htdocs\psg_new\system\CodeIgniter.php(824): App\Controllers\Admin\Berita->edit('1')
#2 C:\xampp\htdocs\psg_new\system\CodeIgniter.php(410): CodeIgniter\CodeIgniter->runController(Object(App\Controllers\Admin\Berita))
#3 C:\xampp\htdocs\psg_new\system\CodeIgniter.php(318): CodeIgniter\CodeIgniter->handleRequest(NULL, Object(Config\Cache), false)
#4 C:\xampp\htdocs\psg_new\index.php(37): CodeIgniter\CodeIgniter->run()
#5 {main}
CRITICAL - 2021-12-29 17:05:46 --> Too few arguments to function App\Models\admin\ModelBerita::getBeritaEdit(), 0 passed in C:\xampp\htdocs\psg_new\app\Controllers\Admin\Berita.php on line 67 and exactly 1 expected
#0 C:\xampp\htdocs\psg_new\app\Controllers\Admin\Berita.php(67): App\Models\admin\ModelBerita->getBeritaEdit()
#1 C:\xampp\htdocs\psg_new\system\CodeIgniter.php(824): App\Controllers\Admin\Berita->edit('1')
#2 C:\xampp\htdocs\psg_new\system\CodeIgniter.php(410): CodeIgniter\CodeIgniter->runController(Object(App\Controllers\Admin\Berita))
#3 C:\xampp\htdocs\psg_new\system\CodeIgniter.php(318): CodeIgniter\CodeIgniter->handleRequest(NULL, Object(Config\Cache), false)
#4 C:\xampp\htdocs\psg_new\index.php(37): CodeIgniter\CodeIgniter->run()
#5 {main}
CRITICAL - 2021-12-29 17:13:02 --> Declaration of App\Models\admin\ModelBerita::update($id, $data) must be compatible with CodeIgniter\Model::update($id = null, $data = null): bool
#0 [internal function]: CodeIgniter\Debug\Exceptions->shutdownHandler()
#1 {main}
CRITICAL - 2021-12-29 17:13:18 --> Declaration of App\Models\admin\ModelBerita::update($id, $data) must be compatible with CodeIgniter\Model::update($id = null, $data = null): bool
#0 [internal function]: CodeIgniter\Debug\Exceptions->shutdownHandler()
#1 {main}
CRITICAL - 2021-12-29 17:13:52 --> Class "App\Controllers\Admin\RuntimeException" not found
#0 C:\xampp\htdocs\psg_new\system\CodeIgniter.php(824): App\Controllers\Admin\Berita->update('1')
#1 C:\xampp\htdocs\psg_new\system\CodeIgniter.php(410): CodeIgniter\CodeIgniter->runController(Object(App\Controllers\Admin\Berita))
#2 C:\xampp\htdocs\psg_new\system\CodeIgniter.php(318): CodeIgniter\CodeIgniter->handleRequest(NULL, Object(Config\Cache), false)
#3 C:\xampp\htdocs\psg_new\index.php(37): CodeIgniter\CodeIgniter->run()
#4 {main}
CRITICAL - 2021-12-29 17:31:06 --> Call to undefined method CodeIgniter\Database\MySQLi\Builder::detele()
#0 C:\xampp\htdocs\psg_new\app\Controllers\Admin\Berita.php(112): App\Models\admin\ModelBerita->hapus('1')
#1 C:\xampp\htdocs\psg_new\system\CodeIgniter.php(824): App\Controllers\Admin\Berita->hapus('1')
#2 C:\xampp\htdocs\psg_new\system\CodeIgniter.php(410): CodeIgniter\CodeIgniter->runController(Object(App\Controllers\Admin\Berita))
#3 C:\xampp\htdocs\psg_new\system\CodeIgniter.php(318): CodeIgniter\CodeIgniter->handleRequest(NULL, Object(Config\Cache), false)
#4 C:\xampp\htdocs\psg_new\index.php(37): CodeIgniter\CodeIgniter->run()
#5 {main}
CRITICAL - 2021-12-29 17:47:49 --> You must set the database table to be used with your query.
#0 C:\xampp\htdocs\psg_new\system\Model.php(545): CodeIgniter\Database\BaseConnection->table(NULL)
#1 C:\xampp\htdocs\psg_new\system\Model.php(717): CodeIgniter\Model->builder()
#2 C:\xampp\htdocs\psg_new\app\Controllers\Admin\Home.php(27): CodeIgniter\Model->__call('getData', Array)
#3 C:\xampp\htdocs\psg_new\system\CodeIgniter.php(824): App\Controllers\Admin\Home->index()
#4 C:\xampp\htdocs\psg_new\system\CodeIgniter.php(410): CodeIgniter\CodeIgniter->runController(Object(App\Controllers\Admin\Home))
#5 C:\xampp\htdocs\psg_new\system\CodeIgniter.php(318): CodeIgniter\CodeIgniter->handleRequest(NULL, Object(Config\Cache), false)
#6 C:\xampp\htdocs\psg_new\index.php(37): CodeIgniter\CodeIgniter->run()
#7 {main}
CRITICAL - 2021-12-29 17:48:19 --> You must set the database table to be used with your query.
#0 C:\xampp\htdocs\psg_new\system\Model.php(545): CodeIgniter\Database\BaseConnection->table(NULL)
#1 C:\xampp\htdocs\psg_new\system\Model.php(717): CodeIgniter\Model->builder()
#2 C:\xampp\htdocs\psg_new\app\Controllers\Admin\Home.php(27): CodeIgniter\Model->__call('getData', Array)
#3 C:\xampp\htdocs\psg_new\system\CodeIgniter.php(824): App\Controllers\Admin\Home->index()
#4 C:\xampp\htdocs\psg_new\system\CodeIgniter.php(410): CodeIgniter\CodeIgniter->runController(Object(App\Controllers\Admin\Home))
#5 C:\xampp\htdocs\psg_new\system\CodeIgniter.php(318): CodeIgniter\CodeIgniter->handleRequest(NULL, Object(Config\Cache), false)
#6 C:\xampp\htdocs\psg_new\index.php(37): CodeIgniter\CodeIgniter->run()
#7 {main}
CRITICAL - 2021-12-29 17:49:26 --> Call to undefined method CodeIgniter\Database\MySQLi\Connection::select()
#0 C:\xampp\htdocs\psg_new\app\Controllers\Admin\Home.php(27): App\Models\admin\ModelHome->getDana('1601')
#1 C:\xampp\htdocs\psg_new\system\CodeIgniter.php(824): App\Controllers\Admin\Home->index()
#2 C:\xampp\htdocs\psg_new\system\CodeIgniter.php(410): CodeIgniter\CodeIgniter->runController(Object(App\Controllers\Admin\Home))
#3 C:\xampp\htdocs\psg_new\system\CodeIgniter.php(318): CodeIgniter\CodeIgniter->handleRequest(NULL, Object(Config\Cache), false)
#4 C:\xampp\htdocs\psg_new\index.php(37): CodeIgniter\CodeIgniter->run()
#5 {main}
CRITICAL - 2021-12-29 17:50:50 --> Call to undefined method CodeIgniter\Database\MySQLi\Result::get()
#0 C:\xampp\htdocs\psg_new\app\Controllers\Admin\Home.php(27): App\Models\admin\ModelHome->getDana('1601')
#1 C:\xampp\htdocs\psg_new\system\CodeIgniter.php(824): App\Controllers\Admin\Home->index()
#2 C:\xampp\htdocs\psg_new\system\CodeIgniter.php(410): CodeIgniter\CodeIgniter->runController(Object(App\Controllers\Admin\Home))
#3 C:\xampp\htdocs\psg_new\system\CodeIgniter.php(318): CodeIgniter\CodeIgniter->handleRequest(NULL, Object(Config\Cache), false)
#4 C:\xampp\htdocs\psg_new\index.php(37): CodeIgniter\CodeIgniter->run()
#5 {main}
CRITICAL - 2021-12-29 17:53:15 --> Object of class stdClass could not be converted to string
#0 C:\xampp\htdocs\psg_new\system\View\View.php(214): include()
#1 C:\xampp\htdocs\psg_new\system\View\View.php(217): CodeIgniter\View\View->CodeIgniter\View\{closure}()
#2 C:\xampp\htdocs\psg_new\system\Common.php(1097): CodeIgniter\View\View->render('admin/index', Array, true)
#3 C:\xampp\htdocs\psg_new\app\Views\admin\layout\v_content.php(3): view('admin/index')
#4 C:\xampp\htdocs\psg_new\system\View\View.php(214): include('C:\\xampp\\htdocs...')
#5 C:\xampp\htdocs\psg_new\system\View\View.php(217): CodeIgniter\View\View->CodeIgniter\View\{closure}()
#6 C:\xampp\htdocs\psg_new\system\Common.php(1097): CodeIgniter\View\View->render('admin/layout/v_...', Array, true)
#7 C:\xampp\htdocs\psg_new\app\Views\admin\layout\v_wrap.php(5): view('admin/layout/v_...')
#8 C:\xampp\htdocs\psg_new\system\View\View.php(214): include('C:\\xampp\\htdocs...')
#9 C:\xampp\htdocs\psg_new\system\View\View.php(217): CodeIgniter\View\View->CodeIgniter\View\{closure}()
#10 C:\xampp\htdocs\psg_new\system\Common.php(1097): CodeIgniter\View\View->render('admin/layout/v_...', Array, true)
#11 C:\xampp\htdocs\psg_new\app\Controllers\Admin\Home.php(46): view('admin/layout/v_...', Array)
#12 C:\xampp\htdocs\psg_new\system\CodeIgniter.php(824): App\Controllers\Admin\Home->index()
#13 C:\xampp\htdocs\psg_new\system\CodeIgniter.php(410): CodeIgniter\CodeIgniter->runController(Object(App\Controllers\Admin\Home))
#14 C:\xampp\htdocs\psg_new\system\CodeIgniter.php(318): CodeIgniter\CodeIgniter->handleRequest(NULL, Object(Config\Cache), false)
#15 C:\xampp\htdocs\psg_new\index.php(37): CodeIgniter\CodeIgniter->run()
#16 {main}
CRITICAL - 2021-12-29 17:53:50 --> Object of class stdClass could not be converted to string
#0 C:\xampp\htdocs\psg_new\system\View\View.php(214): include()
#1 C:\xampp\htdocs\psg_new\system\View\View.php(217): CodeIgniter\View\View->CodeIgniter\View\{closure}()
#2 C:\xampp\htdocs\psg_new\system\Common.php(1097): CodeIgniter\View\View->render('admin/index', Array, true)
#3 C:\xampp\htdocs\psg_new\app\Views\admin\layout\v_content.php(3): view('admin/index')
#4 C:\xampp\htdocs\psg_new\system\View\View.php(214): include('C:\\xampp\\htdocs...')
#5 C:\xampp\htdocs\psg_new\system\View\View.php(217): CodeIgniter\View\View->CodeIgniter\View\{closure}()
#6 C:\xampp\htdocs\psg_new\system\Common.php(1097): CodeIgniter\View\View->render('admin/layout/v_...', Array, true)
#7 C:\xampp\htdocs\psg_new\app\Views\admin\layout\v_wrap.php(5): view('admin/layout/v_...')
#8 C:\xampp\htdocs\psg_new\system\View\View.php(214): include('C:\\xampp\\htdocs...')
#9 C:\xampp\htdocs\psg_new\system\View\View.php(217): CodeIgniter\View\View->CodeIgniter\View\{closure}()
#10 C:\xampp\htdocs\psg_new\system\Common.php(1097): CodeIgniter\View\View->render('admin/layout/v_...', Array, true)
#11 C:\xampp\htdocs\psg_new\app\Controllers\Admin\Home.php(46): view('admin/layout/v_...', Array)
#12 C:\xampp\htdocs\psg_new\system\CodeIgniter.php(824): App\Controllers\Admin\Home->index()
#13 C:\xampp\htdocs\psg_new\system\CodeIgniter.php(410): CodeIgniter\CodeIgniter->runController(Object(App\Controllers\Admin\Home))
#14 C:\xampp\htdocs\psg_new\system\CodeIgniter.php(318): CodeIgniter\CodeIgniter->handleRequest(NULL, Object(Config\Cache), false)
#15 C:\xampp\htdocs\psg_new\index.php(37): CodeIgniter\CodeIgniter->run()
#16 {main}
CRITICAL - 2021-12-29 17:53:52 --> Object of class stdClass could not be converted to string
#0 C:\xampp\htdocs\psg_new\system\View\View.php(214): include()
#1 C:\xampp\htdocs\psg_new\system\View\View.php(217): CodeIgniter\View\View->CodeIgniter\View\{closure}()
#2 C:\xampp\htdocs\psg_new\system\Common.php(1097): CodeIgniter\View\View->render('admin/index', Array, true)
#3 C:\xampp\htdocs\psg_new\app\Views\admin\layout\v_content.php(3): view('admin/index')
#4 C:\xampp\htdocs\psg_new\system\View\View.php(214): include('C:\\xampp\\htdocs...')
#5 C:\xampp\htdocs\psg_new\system\View\View.php(217): CodeIgniter\View\View->CodeIgniter\View\{closure}()
#6 C:\xampp\htdocs\psg_new\system\Common.php(1097): CodeIgniter\View\View->render('admin/layout/v_...', Array, true)
#7 C:\xampp\htdocs\psg_new\app\Views\admin\layout\v_wrap.php(5): view('admin/layout/v_...')
#8 C:\xampp\htdocs\psg_new\system\View\View.php(214): include('C:\\xampp\\htdocs...')
#9 C:\xampp\htdocs\psg_new\system\View\View.php(217): CodeIgniter\View\View->CodeIgniter\View\{closure}()
#10 C:\xampp\htdocs\psg_new\system\Common.php(1097): CodeIgniter\View\View->render('admin/layout/v_...', Array, true)
#11 C:\xampp\htdocs\psg_new\app\Controllers\Admin\Home.php(46): view('admin/layout/v_...', Array)
#12 C:\xampp\htdocs\psg_new\system\CodeIgniter.php(824): App\Controllers\Admin\Home->index()
#13 C:\xampp\htdocs\psg_new\system\CodeIgniter.php(410): CodeIgniter\CodeIgniter->runController(Object(App\Controllers\Admin\Home))
#14 C:\xampp\htdocs\psg_new\system\CodeIgniter.php(318): CodeIgniter\CodeIgniter->handleRequest(NULL, Object(Config\Cache), false)
#15 C:\xampp\htdocs\psg_new\index.php(37): CodeIgniter\CodeIgniter->run()
#16 {main}
CRITICAL - 2021-12-29 17:55:52 --> Unsupported operand types: stdClass + int
#0 C:\xampp\htdocs\psg_new\system\View\View.php(214): include()
#1 C:\xampp\htdocs\psg_new\system\View\View.php(217): CodeIgniter\View\View->CodeIgniter\View\{closure}()
#2 C:\xampp\htdocs\psg_new\system\Common.php(1097): CodeIgniter\View\View->render('admin/index', Array, true)
#3 C:\xampp\htdocs\psg_new\app\Views\admin\layout\v_content.php(3): view('admin/index')
#4 C:\xampp\htdocs\psg_new\system\View\View.php(214): include('C:\\xampp\\htdocs...')
#5 C:\xampp\htdocs\psg_new\system\View\View.php(217): CodeIgniter\View\View->CodeIgniter\View\{closure}()
#6 C:\xampp\htdocs\psg_new\system\Common.php(1097): CodeIgniter\View\View->render('admin/layout/v_...', Array, true)
#7 C:\xampp\htdocs\psg_new\app\Views\admin\layout\v_wrap.php(5): view('admin/layout/v_...')
#8 C:\xampp\htdocs\psg_new\system\View\View.php(214): include('C:\\xampp\\htdocs...')
#9 C:\xampp\htdocs\psg_new\system\View\View.php(217): CodeIgniter\View\View->CodeIgniter\View\{closure}()
#10 C:\xampp\htdocs\psg_new\system\Common.php(1097): CodeIgniter\View\View->render('admin/layout/v_...', Array, true)
#11 C:\xampp\htdocs\psg_new\app\Controllers\Admin\Home.php(46): view('admin/layout/v_...', Array)
#12 C:\xampp\htdocs\psg_new\system\CodeIgniter.php(824): App\Controllers\Admin\Home->index()
#13 C:\xampp\htdocs\psg_new\system\CodeIgniter.php(410): CodeIgniter\CodeIgniter->runController(Object(App\Controllers\Admin\Home))
#14 C:\xampp\htdocs\psg_new\system\CodeIgniter.php(318): CodeIgniter\CodeIgniter->handleRequest(NULL, Object(Config\Cache), false)
#15 C:\xampp\htdocs\psg_new\index.php(37): CodeIgniter\CodeIgniter->run()
#16 {main}
CRITICAL - 2021-12-29 17:56:51 --> Object of class stdClass could not be converted to string
#0 C:\xampp\htdocs\psg_new\system\View\View.php(214): include()
#1 C:\xampp\htdocs\psg_new\system\View\View.php(217): CodeIgniter\View\View->CodeIgniter\View\{closure}()
#2 C:\xampp\htdocs\psg_new\system\Common.php(1097): CodeIgniter\View\View->render('admin/index', Array, true)
#3 C:\xampp\htdocs\psg_new\app\Views\admin\layout\v_content.php(3): view('admin/index')
#4 C:\xampp\htdocs\psg_new\system\View\View.php(214): include('C:\\xampp\\htdocs...')
#5 C:\xampp\htdocs\psg_new\system\View\View.php(217): CodeIgniter\View\View->CodeIgniter\View\{closure}()
#6 C:\xampp\htdocs\psg_new\system\Common.php(1097): CodeIgniter\View\View->render('admin/layout/v_...', Array, true)
#7 C:\xampp\htdocs\psg_new\app\Views\admin\layout\v_wrap.php(5): view('admin/layout/v_...')
#8 C:\xampp\htdocs\psg_new\system\View\View.php(214): include('C:\\xampp\\htdocs...')
#9 C:\xampp\htdocs\psg_new\system\View\View.php(217): CodeIgniter\View\View->CodeIgniter\View\{closure}()
#10 C:\xampp\htdocs\psg_new\system\Common.php(1097): CodeIgniter\View\View->render('admin/layout/v_...', Array, true)
#11 C:\xampp\htdocs\psg_new\app\Controllers\Admin\Home.php(46): view('admin/layout/v_...', Array)
#12 C:\xampp\htdocs\psg_new\system\CodeIgniter.php(824): App\Controllers\Admin\Home->index()
#13 C:\xampp\htdocs\psg_new\system\CodeIgniter.php(410): CodeIgniter\CodeIgniter->runController(Object(App\Controllers\Admin\Home))
#14 C:\xampp\htdocs\psg_new\system\CodeIgniter.php(318): CodeIgniter\CodeIgniter->handleRequest(NULL, Object(Config\Cache), false)
#15 C:\xampp\htdocs\psg_new\index.php(37): CodeIgniter\CodeIgniter->run()
#16 {main}
CRITICAL - 2021-12-29 17:57:34 --> Object of class stdClass could not be converted to string
#0 C:\xampp\htdocs\psg_new\system\View\View.php(214): include()
#1 C:\xampp\htdocs\psg_new\system\View\View.php(217): CodeIgniter\View\View->CodeIgniter\View\{closure}()
#2 C:\xampp\htdocs\psg_new\system\Common.php(1097): CodeIgniter\View\View->render('admin/index', Array, true)
#3 C:\xampp\htdocs\psg_new\app\Views\admin\layout\v_content.php(3): view('admin/index')
#4 C:\xampp\htdocs\psg_new\system\View\View.php(214): include('C:\\xampp\\htdocs...')
#5 C:\xampp\htdocs\psg_new\system\View\View.php(217): CodeIgniter\View\View->CodeIgniter\View\{closure}()
#6 C:\xampp\htdocs\psg_new\system\Common.php(1097): CodeIgniter\View\View->render('admin/layout/v_...', Array, true)
#7 C:\xampp\htdocs\psg_new\app\Views\admin\layout\v_wrap.php(5): view('admin/layout/v_...')
#8 C:\xampp\htdocs\psg_new\system\View\View.php(214): include('C:\\xampp\\htdocs...')
#9 C:\xampp\htdocs\psg_new\system\View\View.php(217): CodeIgniter\View\View->CodeIgniter\View\{closure}()
#10 C:\xampp\htdocs\psg_new\system\Common.php(1097): CodeIgniter\View\View->render('admin/layout/v_...', Array, true)
#11 C:\xampp\htdocs\psg_new\app\Controllers\Admin\Home.php(46): view('admin/layout/v_...', Array)
#12 C:\xampp\htdocs\psg_new\system\CodeIgniter.php(824): App\Controllers\Admin\Home->index()
#13 C:\xampp\htdocs\psg_new\system\CodeIgniter.php(410): CodeIgniter\CodeIgniter->runController(Object(App\Controllers\Admin\Home))
#14 C:\xampp\htdocs\psg_new\system\CodeIgniter.php(318): CodeIgniter\CodeIgniter->handleRequest(NULL, Object(Config\Cache), false)
#15 C:\xampp\htdocs\psg_new\index.php(37): CodeIgniter\CodeIgniter->run()
#16 {main}
CRITICAL - 2021-12-29 17:58:59 --> Object of class stdClass could not be converted to string
#0 C:\xampp\htdocs\psg_new\system\View\View.php(214): include()
#1 C:\xampp\htdocs\psg_new\system\View\View.php(217): CodeIgniter\View\View->CodeIgniter\View\{closure}()
#2 C:\xampp\htdocs\psg_new\system\Common.php(1097): CodeIgniter\View\View->render('admin/index', Array, true)
#3 C:\xampp\htdocs\psg_new\app\Views\admin\layout\v_content.php(3): view('admin/index')
#4 C:\xampp\htdocs\psg_new\system\View\View.php(214): include('C:\\xampp\\htdocs...')
#5 C:\xampp\htdocs\psg_new\system\View\View.php(217): CodeIgniter\View\View->CodeIgniter\View\{closure}()
#6 C:\xampp\htdocs\psg_new\system\Common.php(1097): CodeIgniter\View\View->render('admin/layout/v_...', Array, true)
#7 C:\xampp\htdocs\psg_new\app\Views\admin\layout\v_wrap.php(5): view('admin/layout/v_...')
#8 C:\xampp\htdocs\psg_new\system\View\View.php(214): include('C:\\xampp\\htdocs...')
#9 C:\xampp\htdocs\psg_new\system\View\View.php(217): CodeIgniter\View\View->CodeIgniter\View\{closure}()
#10 C:\xampp\htdocs\psg_new\system\Common.php(1097): CodeIgniter\View\View->render('admin/layout/v_...', Array, true)
#11 C:\xampp\htdocs\psg_new\app\Controllers\Admin\Home.php(46): view('admin/layout/v_...', Array)
#12 C:\xampp\htdocs\psg_new\system\CodeIgniter.php(824): App\Controllers\Admin\Home->index()
#13 C:\xampp\htdocs\psg_new\system\CodeIgniter.php(410): CodeIgniter\CodeIgniter->runController(Object(App\Controllers\Admin\Home))
#14 C:\xampp\htdocs\psg_new\system\CodeIgniter.php(318): CodeIgniter\CodeIgniter->handleRequest(NULL, Object(Config\Cache), false)
#15 C:\xampp\htdocs\psg_new\index.php(37): CodeIgniter\CodeIgniter->run()
#16 {main}
CRITICAL - 2021-12-29 17:59:16 --> Object of class stdClass could not be converted to string
#0 C:\xampp\htdocs\psg_new\system\View\View.php(214): include()
#1 C:\xampp\htdocs\psg_new\system\View\View.php(217): CodeIgniter\View\View->CodeIgniter\View\{closure}()
#2 C:\xampp\htdocs\psg_new\system\Common.php(1097): CodeIgniter\View\View->render('admin/index', Array, true)
#3 C:\xampp\htdocs\psg_new\app\Views\admin\layout\v_content.php(3): view('admin/index')
#4 C:\xampp\htdocs\psg_new\system\View\View.php(214): include('C:\\xampp\\htdocs...')
#5 C:\xampp\htdocs\psg_new\system\View\View.php(217): CodeIgniter\View\View->CodeIgniter\View\{closure}()
#6 C:\xampp\htdocs\psg_new\system\Common.php(1097): CodeIgniter\View\View->render('admin/layout/v_...', Array, true)
#7 C:\xampp\htdocs\psg_new\app\Views\admin\layout\v_wrap.php(5): view('admin/layout/v_...')
#8 C:\xampp\htdocs\psg_new\system\View\View.php(214): include('C:\\xampp\\htdocs...')
#9 C:\xampp\htdocs\psg_new\system\View\View.php(217): CodeIgniter\View\View->CodeIgniter\View\{closure}()
#10 C:\xampp\htdocs\psg_new\system\Common.php(1097): CodeIgniter\View\View->render('admin/layout/v_...', Array, true)
#11 C:\xampp\htdocs\psg_new\app\Controllers\Admin\Home.php(46): view('admin/layout/v_...', Array)
#12 C:\xampp\htdocs\psg_new\system\CodeIgniter.php(824): App\Controllers\Admin\Home->index()
#13 C:\xampp\htdocs\psg_new\system\CodeIgniter.php(410): CodeIgniter\CodeIgniter->runController(Object(App\Controllers\Admin\Home))
#14 C:\xampp\htdocs\psg_new\system\CodeIgniter.php(318): CodeIgniter\CodeIgniter->handleRequest(NULL, Object(Config\Cache), false)
#15 C:\xampp\htdocs\psg_new\index.php(37): CodeIgniter\CodeIgniter->run()
#16 {main}
CRITICAL - 2021-12-29 18:03:46 --> Unsupported operand types: stdClass + int
#0 C:\xampp\htdocs\psg_new\system\View\View.php(214): include()
#1 C:\xampp\htdocs\psg_new\system\View\View.php(217): CodeIgniter\View\View->CodeIgniter\View\{closure}()
#2 C:\xampp\htdocs\psg_new\system\Common.php(1097): CodeIgniter\View\View->render('admin/index', Array, true)
#3 C:\xampp\htdocs\psg_new\app\Views\admin\layout\v_content.php(3): view('admin/index')
#4 C:\xampp\htdocs\psg_new\system\View\View.php(214): include('C:\\xampp\\htdocs...')
#5 C:\xampp\htdocs\psg_new\system\View\View.php(217): CodeIgniter\View\View->CodeIgniter\View\{closure}()
#6 C:\xampp\htdocs\psg_new\system\Common.php(1097): CodeIgniter\View\View->render('admin/layout/v_...', Array, true)
#7 C:\xampp\htdocs\psg_new\app\Views\admin\layout\v_wrap.php(5): view('admin/layout/v_...')
#8 C:\xampp\htdocs\psg_new\system\View\View.php(214): include('C:\\xampp\\htdocs...')
#9 C:\xampp\htdocs\psg_new\system\View\View.php(217): CodeIgniter\View\View->CodeIgniter\View\{closure}()
#10 C:\xampp\htdocs\psg_new\system\Common.php(1097): CodeIgniter\View\View->render('admin/layout/v_...', Array, true)
#11 C:\xampp\htdocs\psg_new\app\Controllers\Admin\Home.php(46): view('admin/layout/v_...', Array)
#12 C:\xampp\htdocs\psg_new\system\CodeIgniter.php(824): App\Controllers\Admin\Home->index()
#13 C:\xampp\htdocs\psg_new\system\CodeIgniter.php(410): CodeIgniter\CodeIgniter->runController(Object(App\Controllers\Admin\Home))
#14 C:\xampp\htdocs\psg_new\system\CodeIgniter.php(318): CodeIgniter\CodeIgniter->handleRequest(NULL, Object(Config\Cache), false)
#15 C:\xampp\htdocs\psg_new\index.php(37): CodeIgniter\CodeIgniter->run()
#16 {main}
CRITICAL - 2021-12-29 18:03:54 --> Object of class stdClass could not be converted to string
#0 C:\xampp\htdocs\psg_new\system\View\View.php(214): include()
#1 C:\xampp\htdocs\psg_new\system\View\View.php(217): CodeIgniter\View\View->CodeIgniter\View\{closure}()
#2 C:\xampp\htdocs\psg_new\system\Common.php(1097): CodeIgniter\View\View->render('admin/index', Array, true)
#3 C:\xampp\htdocs\psg_new\app\Views\admin\layout\v_content.php(3): view('admin/index')
#4 C:\xampp\htdocs\psg_new\system\View\View.php(214): include('C:\\xampp\\htdocs...')
#5 C:\xampp\htdocs\psg_new\system\View\View.php(217): CodeIgniter\View\View->CodeIgniter\View\{closure}()
#6 C:\xampp\htdocs\psg_new\system\Common.php(1097): CodeIgniter\View\View->render('admin/layout/v_...', Array, true)
#7 C:\xampp\htdocs\psg_new\app\Views\admin\layout\v_wrap.php(5): view('admin/layout/v_...')
#8 C:\xampp\htdocs\psg_new\system\View\View.php(214): include('C:\\xampp\\htdocs...')
#9 C:\xampp\htdocs\psg_new\system\View\View.php(217): CodeIgniter\View\View->CodeIgniter\View\{closure}()
#10 C:\xampp\htdocs\psg_new\system\Common.php(1097): CodeIgniter\View\View->render('admin/layout/v_...', Array, true)
#11 C:\xampp\htdocs\psg_new\app\Controllers\Admin\Home.php(46): view('admin/layout/v_...', Array)
#12 C:\xampp\htdocs\psg_new\system\CodeIgniter.php(824): App\Controllers\Admin\Home->index()
#13 C:\xampp\htdocs\psg_new\system\CodeIgniter.php(410): CodeIgniter\CodeIgniter->runController(Object(App\Controllers\Admin\Home))
#14 C:\xampp\htdocs\psg_new\system\CodeIgniter.php(318): CodeIgniter\CodeIgniter->handleRequest(NULL, Object(Config\Cache), false)
#15 C:\xampp\htdocs\psg_new\index.php(37): CodeIgniter\CodeIgniter->run()
#16 {main}
CRITICAL - 2021-12-29 18:05:38 --> Object of class stdClass could not be converted to string
#0 C:\xampp\htdocs\psg_new\system\View\View.php(214): include()
#1 C:\xampp\htdocs\psg_new\system\View\View.php(217): CodeIgniter\View\View->CodeIgniter\View\{closure}()
#2 C:\xampp\htdocs\psg_new\system\Common.php(1097): CodeIgniter\View\View->render('admin/index', Array, true)
#3 C:\xampp\htdocs\psg_new\app\Views\admin\layout\v_content.php(3): view('admin/index')
#4 C:\xampp\htdocs\psg_new\system\View\View.php(214): include('C:\\xampp\\htdocs...')
#5 C:\xampp\htdocs\psg_new\system\View\View.php(217): CodeIgniter\View\View->CodeIgniter\View\{closure}()
#6 C:\xampp\htdocs\psg_new\system\Common.php(1097): CodeIgniter\View\View->render('admin/layout/v_...', Array, true)
#7 C:\xampp\htdocs\psg_new\app\Views\admin\layout\v_wrap.php(5): view('admin/layout/v_...')
#8 C:\xampp\htdocs\psg_new\system\View\View.php(214): include('C:\\xampp\\htdocs...')
#9 C:\xampp\htdocs\psg_new\system\View\View.php(217): CodeIgniter\View\View->CodeIgniter\View\{closure}()
#10 C:\xampp\htdocs\psg_new\system\Common.php(1097): CodeIgniter\View\View->render('admin/layout/v_...', Array, true)
#11 C:\xampp\htdocs\psg_new\app\Controllers\Admin\Home.php(30): view('admin/layout/v_...', Array)
#12 C:\xampp\htdocs\psg_new\system\CodeIgniter.php(824): App\Controllers\Admin\Home->index()
#13 C:\xampp\htdocs\psg_new\system\CodeIgniter.php(410): CodeIgniter\CodeIgniter->runController(Object(App\Controllers\Admin\Home))
#14 C:\xampp\htdocs\psg_new\system\CodeIgniter.php(318): CodeIgniter\CodeIgniter->handleRequest(NULL, Object(Config\Cache), false)
#15 C:\xampp\htdocs\psg_new\index.php(37): CodeIgniter\CodeIgniter->run()
#16 {main}
CRITICAL - 2021-12-29 18:07:30 --> Call to undefined method CodeIgniter\Database\MySQLi\Result::get()
#0 C:\xampp\htdocs\psg_new\app\Controllers\Admin\Home.php(27): App\Models\admin\ModelHome->getDana(1602)
#1 C:\xampp\htdocs\psg_new\system\CodeIgniter.php(824): App\Controllers\Admin\Home->index()
#2 C:\xampp\htdocs\psg_new\system\CodeIgniter.php(410): CodeIgniter\CodeIgniter->runController(Object(App\Controllers\Admin\Home))
#3 C:\xampp\htdocs\psg_new\system\CodeIgniter.php(318): CodeIgniter\CodeIgniter->handleRequest(NULL, Object(Config\Cache), false)
#4 C:\xampp\htdocs\psg_new\index.php(37): CodeIgniter\CodeIgniter->run()
#5 {main}
CRITICAL - 2021-12-29 18:10:22 --> Call to undefined method CodeIgniter\Database\MySQLi\Connection::select()
#0 C:\xampp\htdocs\psg_new\app\Controllers\Admin\Home.php(27): App\Models\admin\ModelHome->getDana(1602)
#1 C:\xampp\htdocs\psg_new\system\CodeIgniter.php(824): App\Controllers\Admin\Home->index()
#2 C:\xampp\htdocs\psg_new\system\CodeIgniter.php(410): CodeIgniter\CodeIgniter->runController(Object(App\Controllers\Admin\Home))
#3 C:\xampp\htdocs\psg_new\system\CodeIgniter.php(318): CodeIgniter\CodeIgniter->handleRequest(NULL, Object(Config\Cache), false)
#4 C:\xampp\htdocs\psg_new\index.php(37): CodeIgniter\CodeIgniter->run()
#5 {main}
CRITICAL - 2021-12-29 18:11:37 --> Call to undefined method CodeIgniter\Database\MySQLi\Connection::select()
#0 C:\xampp\htdocs\psg_new\app\Controllers\Admin\Home.php(27): App\Models\admin\ModelHome->getDana(1602)
#1 C:\xampp\htdocs\psg_new\system\CodeIgniter.php(824): App\Controllers\Admin\Home->index()
#2 C:\xampp\htdocs\psg_new\system\CodeIgniter.php(410): CodeIgniter\CodeIgniter->runController(Object(App\Controllers\Admin\Home))
#3 C:\xampp\htdocs\psg_new\system\CodeIgniter.php(318): CodeIgniter\CodeIgniter->handleRequest(NULL, Object(Config\Cache), false)
#4 C:\xampp\htdocs\psg_new\index.php(37): CodeIgniter\CodeIgniter->run()
#5 {main}
CRITICAL - 2021-12-29 18:13:41 --> Call to undefined method stdClass::getRow()
#0 C:\xampp\htdocs\psg_new\system\CodeIgniter.php(824): App\Controllers\Admin\Home->index()
#1 C:\xampp\htdocs\psg_new\system\CodeIgniter.php(410): CodeIgniter\CodeIgniter->runController(Object(App\Controllers\Admin\Home))
#2 C:\xampp\htdocs\psg_new\system\CodeIgniter.php(318): CodeIgniter\CodeIgniter->handleRequest(NULL, Object(Config\Cache), false)
#3 C:\xampp\htdocs\psg_new\index.php(37): CodeIgniter\CodeIgniter->run()
#4 {main}
CRITICAL - 2021-12-29 18:14:02 --> Object of class stdClass could not be converted to string
#0 C:\xampp\htdocs\psg_new\system\View\View.php(214): include()
#1 C:\xampp\htdocs\psg_new\system\View\View.php(217): CodeIgniter\View\View->CodeIgniter\View\{closure}()
#2 C:\xampp\htdocs\psg_new\system\Common.php(1097): CodeIgniter\View\View->render('admin/index', Array, true)
#3 C:\xampp\htdocs\psg_new\app\Views\admin\layout\v_content.php(3): view('admin/index')
#4 C:\xampp\htdocs\psg_new\system\View\View.php(214): include('C:\\xampp\\htdocs...')
#5 C:\xampp\htdocs\psg_new\system\View\View.php(217): CodeIgniter\View\View->CodeIgniter\View\{closure}()
#6 C:\xampp\htdocs\psg_new\system\Common.php(1097): CodeIgniter\View\View->render('admin/layout/v_...', Array, true)
#7 C:\xampp\htdocs\psg_new\app\Views\admin\layout\v_wrap.php(5): view('admin/layout/v_...')
#8 C:\xampp\htdocs\psg_new\system\View\View.php(214): include('C:\\xampp\\htdocs...')
#9 C:\xampp\htdocs\psg_new\system\View\View.php(217): CodeIgniter\View\View->CodeIgniter\View\{closure}()
#10 C:\xampp\htdocs\psg_new\system\Common.php(1097): CodeIgniter\View\View->render('admin/layout/v_...', Array, true)
#11 C:\xampp\htdocs\psg_new\app\Controllers\Admin\Home.php(46): view('admin/layout/v_...', Array)
#12 C:\xampp\htdocs\psg_new\system\CodeIgniter.php(824): App\Controllers\Admin\Home->index()
#13 C:\xampp\htdocs\psg_new\system\CodeIgniter.php(410): CodeIgniter\CodeIgniter->runController(Object(App\Controllers\Admin\Home))
#14 C:\xampp\htdocs\psg_new\system\CodeIgniter.php(318): CodeIgniter\CodeIgniter->handleRequest(NULL, Object(Config\Cache), false)
#15 C:\xampp\htdocs\psg_new\index.php(37): CodeIgniter\CodeIgniter->run()
#16 {main}
CRITICAL - 2021-12-29 18:16:11 --> Object of class stdClass could not be converted to string
#0 C:\xampp\htdocs\psg_new\system\View\View.php(214): include()
#1 C:\xampp\htdocs\psg_new\system\View\View.php(217): CodeIgniter\View\View->CodeIgniter\View\{closure}()
#2 C:\xampp\htdocs\psg_new\system\Common.php(1097): CodeIgniter\View\View->render('admin/index', Array, true)
#3 C:\xampp\htdocs\psg_new\app\Views\admin\layout\v_content.php(3): view('admin/index')
#4 C:\xampp\htdocs\psg_new\system\View\View.php(214): include('C:\\xampp\\htdocs...')
#5 C:\xampp\htdocs\psg_new\system\View\View.php(217): CodeIgniter\View\View->CodeIgniter\View\{closure}()
#6 C:\xampp\htdocs\psg_new\system\Common.php(1097): CodeIgniter\View\View->render('admin/layout/v_...', Array, true)
#7 C:\xampp\htdocs\psg_new\app\Views\admin\layout\v_wrap.php(5): view('admin/layout/v_...')
#8 C:\xampp\htdocs\psg_new\system\View\View.php(214): include('C:\\xampp\\htdocs...')
#9 C:\xampp\htdocs\psg_new\system\View\View.php(217): CodeIgniter\View\View->CodeIgniter\View\{closure}()
#10 C:\xampp\htdocs\psg_new\system\Common.php(1097): CodeIgniter\View\View->render('admin/layout/v_...', Array, true)
#11 C:\xampp\htdocs\psg_new\app\Controllers\Admin\Home.php(46): view('admin/layout/v_...', Array)
#12 C:\xampp\htdocs\psg_new\system\CodeIgniter.php(824): App\Controllers\Admin\Home->index()
#13 C:\xampp\htdocs\psg_new\system\CodeIgniter.php(410): CodeIgniter\CodeIgniter->runController(Object(App\Controllers\Admin\Home))
#14 C:\xampp\htdocs\psg_new\system\CodeIgniter.php(318): CodeIgniter\CodeIgniter->handleRequest(NULL, Object(Config\Cache), false)
#15 C:\xampp\htdocs\psg_new\index.php(37): CodeIgniter\CodeIgniter->run()
#16 {main}
CRITICAL - 2021-12-29 18:16:33 --> Object of class stdClass could not be converted to string
#0 C:\xampp\htdocs\psg_new\system\View\View.php(214): include()
#1 C:\xampp\htdocs\psg_new\system\View\View.php(217): CodeIgniter\View\View->CodeIgniter\View\{closure}()
#2 C:\xampp\htdocs\psg_new\system\Common.php(1097): CodeIgniter\View\View->render('admin/index', Array, true)
#3 C:\xampp\htdocs\psg_new\app\Views\admin\layout\v_content.php(3): view('admin/index')
#4 C:\xampp\htdocs\psg_new\system\View\View.php(214): include('C:\\xampp\\htdocs...')
#5 C:\xampp\htdocs\psg_new\system\View\View.php(217): CodeIgniter\View\View->CodeIgniter\View\{closure}()
#6 C:\xampp\htdocs\psg_new\system\Common.php(1097): CodeIgniter\View\View->render('admin/layout/v_...', Array, true)
#7 C:\xampp\htdocs\psg_new\app\Views\admin\layout\v_wrap.php(5): view('admin/layout/v_...')
#8 C:\xampp\htdocs\psg_new\system\View\View.php(214): include('C:\\xampp\\htdocs...')
#9 C:\xampp\htdocs\psg_new\system\View\View.php(217): CodeIgniter\View\View->CodeIgniter\View\{closure}()
#10 C:\xampp\htdocs\psg_new\system\Common.php(1097): CodeIgniter\View\View->render('admin/layout/v_...', Array, true)
#11 C:\xampp\htdocs\psg_new\app\Controllers\Admin\Home.php(46): view('admin/layout/v_...', Array)
#12 C:\xampp\htdocs\psg_new\system\CodeIgniter.php(824): App\Controllers\Admin\Home->index()
#13 C:\xampp\htdocs\psg_new\system\CodeIgniter.php(410): CodeIgniter\CodeIgniter->runController(Object(App\Controllers\Admin\Home))
#14 C:\xampp\htdocs\psg_new\system\CodeIgniter.php(318): CodeIgniter\CodeIgniter->handleRequest(NULL, Object(Config\Cache), false)
#15 C:\xampp\htdocs\psg_new\index.php(37): CodeIgniter\CodeIgniter->run()
#16 {main}
ERROR - 2021-12-29 19:36:14 --> Column 'tahun' cannot be null
CRITICAL - 2021-12-29 19:36:14 --> Column 'tahun' cannot be null
#0 C:\xampp\htdocs\psg_new\system\Database\MySQLi\Connection.php(292): mysqli->query('INSERT INTO `tb...', 0)
#1 C:\xampp\htdocs\psg_new\system\Database\BaseConnection.php(670): CodeIgniter\Database\MySQLi\Connection->execute('INSERT INTO `tb...')
#2 C:\xampp\htdocs\psg_new\system\Database\BaseConnection.php(598): CodeIgniter\Database\BaseConnection->simpleQuery('INSERT INTO `tb...')
#3 C:\xampp\htdocs\psg_new\system\Database\BaseBuilder.php(1759): CodeIgniter\Database\BaseConnection->query('INSERT INTO `tb...', Array, false)
#4 C:\xampp\htdocs\psg_new\app\Models\F1_model.php(144): CodeIgniter\Database\BaseBuilder->insert(Array)
#5 C:\xampp\htdocs\psg_new\app\Controllers\F1.php(277): App\Models\F1_model->insertSiswa('tb_slb', Array, 'tb_guru', Array)
#6 C:\xampp\htdocs\psg_new\system\CodeIgniter.php(824): App\Controllers\F1->save()
#7 C:\xampp\htdocs\psg_new\system\CodeIgniter.php(410): CodeIgniter\CodeIgniter->runController(Object(App\Controllers\F1))
#8 C:\xampp\htdocs\psg_new\system\CodeIgniter.php(318): CodeIgniter\CodeIgniter->handleRequest(NULL, Object(Config\Cache), false)
#9 C:\xampp\htdocs\psg_new\index.php(37): CodeIgniter\CodeIgniter->run()
#10 {main}
CRITICAL - 2021-12-29 19:43:21 --> Undefined property: stdClass::$m
#0 C:\xampp\htdocs\psg_new\app\Views\fslb_up.php(281): CodeIgniter\Debug\Exceptions->errorHandler(2, 'Undefined prope...', 'C:\\xampp\\htdocs...', 281)
#1 C:\xampp\htdocs\psg_new\system\View\View.php(214): include('C:\\xampp\\htdocs...')
#2 C:\xampp\htdocs\psg_new\system\View\View.php(217): CodeIgniter\View\View->CodeIgniter\View\{closure}()
#3 C:\xampp\htdocs\psg_new\system\Common.php(1097): CodeIgniter\View\View->render('fslb_up', Array, true)
#4 C:\xampp\htdocs\psg_new\app\Views\layout\v_content.php(3): view('fslb_up')
#5 C:\xampp\htdocs\psg_new\system\View\View.php(214): include('C:\\xampp\\htdocs...')
#6 C:\xampp\htdocs\psg_new\system\View\View.php(217): CodeIgniter\View\View->CodeIgniter\View\{closure}()
#7 C:\xampp\htdocs\psg_new\system\Common.php(1097): CodeIgniter\View\View->render('layout/v_conten...', Array, true)
#8 C:\xampp\htdocs\psg_new\app\Views\layout\v_wrap.php(5): view('layout/v_conten...')
#9 C:\xampp\htdocs\psg_new\system\View\View.php(214): include('C:\\xampp\\htdocs...')
#10 C:\xampp\htdocs\psg_new\system\View\View.php(217): CodeIgniter\View\View->CodeIgniter\View\{closure}()
#11 C:\xampp\htdocs\psg_new\system\Common.php(1097): CodeIgniter\View\View->render('layout/v_wrap', Array, true)
#12 C:\xampp\htdocs\psg_new\app\Controllers\F1.php(91): view('layout/v_wrap', Array)
#13 C:\xampp\htdocs\psg_new\system\CodeIgniter.php(824): App\Controllers\F1->index()
#14 C:\xampp\htdocs\psg_new\system\CodeIgniter.php(410): CodeIgniter\CodeIgniter->runController(Object(App\Controllers\F1))
#15 C:\xampp\htdocs\psg_new\system\CodeIgniter.php(318): CodeIgniter\CodeIgniter->handleRequest(NULL, Object(Config\Cache), false)
#16 C:\xampp\htdocs\psg_new\index.php(37): CodeIgniter\CodeIgniter->run()
#17 {main}
CRITICAL - 2021-12-29 19:47:17 --> Undefined property: stdClass::$n
#0 C:\xampp\htdocs\psg_new\app\Views\fslb_up.php(285): CodeIgniter\Debug\Exceptions->errorHandler(2, 'Undefined prope...', 'C:\\xampp\\htdocs...', 285)
#1 C:\xampp\htdocs\psg_new\system\View\View.php(214): include('C:\\xampp\\htdocs...')
#2 C:\xampp\htdocs\psg_new\system\View\View.php(217): CodeIgniter\View\View->CodeIgniter\View\{closure}()
#3 C:\xampp\htdocs\psg_new\system\Common.php(1097): CodeIgniter\View\View->render('fslb_up', Array, true)
#4 C:\xampp\htdocs\psg_new\app\Views\layout\v_content.php(3): view('fslb_up')
#5 C:\xampp\htdocs\psg_new\system\View\View.php(214): include('C:\\xampp\\htdocs...')
#6 C:\xampp\htdocs\psg_new\system\View\View.php(217): CodeIgniter\View\View->CodeIgniter\View\{closure}()
#7 C:\xampp\htdocs\psg_new\system\Common.php(1097): CodeIgniter\View\View->render('layout/v_conten...', Array, true)
#8 C:\xampp\htdocs\psg_new\app\Views\layout\v_wrap.php(5): view('layout/v_conten...')
#9 C:\xampp\htdocs\psg_new\system\View\View.php(214): include('C:\\xampp\\htdocs...')
#10 C:\xampp\htdocs\psg_new\system\View\View.php(217): CodeIgniter\View\View->CodeIgniter\View\{closure}()
#11 C:\xampp\htdocs\psg_new\system\Common.php(1097): CodeIgniter\View\View->render('layout/v_wrap', Array, true)
#12 C:\xampp\htdocs\psg_new\app\Controllers\F1.php(91): view('layout/v_wrap', Array)
#13 C:\xampp\htdocs\psg_new\system\CodeIgniter.php(824): App\Controllers\F1->index()
#14 C:\xampp\htdocs\psg_new\system\CodeIgniter.php(410): CodeIgniter\CodeIgniter->runController(Object(App\Controllers\F1))
#15 C:\xampp\htdocs\psg_new\system\CodeIgniter.php(318): CodeIgniter\CodeIgniter->handleRequest(NULL, Object(Config\Cache), false)
#16 C:\xampp\htdocs\psg_new\index.php(37): CodeIgniter\CodeIgniter->run()
#17 {main}
CRITICAL - 2021-12-29 19:47:48 --> Undefined property: stdClass::$r
#0 C:\xampp\htdocs\psg_new\app\Views\fslb_up.php(311): CodeIgniter\Debug\Exceptions->errorHandler(2, 'Undefined prope...', 'C:\\xampp\\htdocs...', 311)
#1 C:\xampp\htdocs\psg_new\system\View\View.php(214): include('C:\\xampp\\htdocs...')
#2 C:\xampp\htdocs\psg_new\system\View\View.php(217): CodeIgniter\View\View->CodeIgniter\View\{closure}()
#3 C:\xampp\htdocs\psg_new\system\Common.php(1097): CodeIgniter\View\View->render('fslb_up', Array, true)
#4 C:\xampp\htdocs\psg_new\app\Views\layout\v_content.php(3): view('fslb_up')
#5 C:\xampp\htdocs\psg_new\system\View\View.php(214): include('C:\\xampp\\htdocs...')
#6 C:\xampp\htdocs\psg_new\system\View\View.php(217): CodeIgniter\View\View->CodeIgniter\View\{closure}()
#7 C:\xampp\htdocs\psg_new\system\Common.php(1097): CodeIgniter\View\View->render('layout/v_conten...', Array, true)
#8 C:\xampp\htdocs\psg_new\app\Views\layout\v_wrap.php(5): view('layout/v_conten...')
#9 C:\xampp\htdocs\psg_new\system\View\View.php(214): include('C:\\xampp\\htdocs...')
#10 C:\xampp\htdocs\psg_new\system\View\View.php(217): CodeIgniter\View\View->CodeIgniter\View\{closure}()
#11 C:\xampp\htdocs\psg_new\system\Common.php(1097): CodeIgniter\View\View->render('layout/v_wrap', Array, true)
#12 C:\xampp\htdocs\psg_new\app\Controllers\F1.php(91): view('layout/v_wrap', Array)
#13 C:\xampp\htdocs\psg_new\system\CodeIgniter.php(824): App\Controllers\F1->index()
#14 C:\xampp\htdocs\psg_new\system\CodeIgniter.php(410): CodeIgniter\CodeIgniter->runController(Object(App\Controllers\F1))
#15 C:\xampp\htdocs\psg_new\system\CodeIgniter.php(318): CodeIgniter\CodeIgniter->handleRequest(NULL, Object(Config\Cache), false)
#16 C:\xampp\htdocs\psg_new\index.php(37): CodeIgniter\CodeIgniter->run()
#17 {main}
CRITICAL - 2021-12-29 19:49:23 --> Attempt to read property "xl" on null
#0 C:\xampp\htdocs\psg_new\app\Controllers\F1.php(287): CodeIgniter\Debug\Exceptions->errorHandler(2, 'Attempt to read...', 'C:\\xampp\\htdocs...', 287)
#1 C:\xampp\htdocs\psg_new\system\CodeIgniter.php(824): App\Controllers\F1->Formulir1()
#2 C:\xampp\htdocs\psg_new\system\CodeIgniter.php(410): CodeIgniter\CodeIgniter->runController(Object(App\Controllers\F1))
#3 C:\xampp\htdocs\psg_new\system\CodeIgniter.php(318): CodeIgniter\CodeIgniter->handleRequest(NULL, Object(Config\Cache), false)
#4 C:\xampp\htdocs\psg_new\index.php(37): CodeIgniter\CodeIgniter->run()
#5 {main}
CRITICAL - 2021-12-29 19:53:29 --> Cannot redeclare App\Models\F1_model::getRowF1SLB()
#0 [internal function]: CodeIgniter\Debug\Exceptions->shutdownHandler()
#1 {main}
CRITICAL - 2021-12-29 19:54:00 --> Attempt to read property "xl" on null
#0 C:\xampp\htdocs\psg_new\app\Controllers\F1.php(287): CodeIgniter\Debug\Exceptions->errorHandler(2, 'Attempt to read...', 'C:\\xampp\\htdocs...', 287)
#1 C:\xampp\htdocs\psg_new\system\CodeIgniter.php(824): App\Controllers\F1->Formulir1()
#2 C:\xampp\htdocs\psg_new\system\CodeIgniter.php(410): CodeIgniter\CodeIgniter->runController(Object(App\Controllers\F1))
#3 C:\xampp\htdocs\psg_new\system\CodeIgniter.php(318): CodeIgniter\CodeIgniter->handleRequest(NULL, Object(Config\Cache), false)
#4 C:\xampp\htdocs\psg_new\index.php(37): CodeIgniter\CodeIgniter->run()
#5 {main}
CRITICAL - 2021-12-29 19:57:32 --> CodeIgniter\HTTP\RedirectResponse::to(): Argument #1 ($uri) must be of type string, null given, called in C:\xampp\htdocs\psg_new\app\Controllers\F1.php on line 326
#0 C:\xampp\htdocs\psg_new\app\Controllers\F1.php(326): CodeIgniter\HTTP\RedirectResponse->to(NULL)
#1 C:\xampp\htdocs\psg_new\system\CodeIgniter.php(824): App\Controllers\F1->Formulir1()
#2 C:\xampp\htdocs\psg_new\system\CodeIgniter.php(410): CodeIgniter\CodeIgniter->runController(Object(App\Controllers\F1))
#3 C:\xampp\htdocs\psg_new\system\CodeIgniter.php(318): CodeIgniter\CodeIgniter->handleRequest(NULL, Object(Config\Cache), false)
#4 C:\xampp\htdocs\psg_new\index.php(37): CodeIgniter\CodeIgniter->run()
#5 {main}
CRITICAL - 2021-12-29 19:57:49 --> Invalid file: report_form1_slb.php
#0 C:\xampp\htdocs\psg_new\system\View\View.php(198): CodeIgniter\Exceptions\FrameworkException::forInvalidFile('report_form1_sl...')
#1 C:\xampp\htdocs\psg_new\system\Common.php(1097): CodeIgniter\View\View->render('report_form1_sl...', Array, true)
#2 C:\xampp\htdocs\psg_new\app\Controllers\F1.php(325): view('report_form1_sl...', Array)
#3 C:\xampp\htdocs\psg_new\system\CodeIgniter.php(824): App\Controllers\F1->Formulir1()
#4 C:\xampp\htdocs\psg_new\system\CodeIgniter.php(410): CodeIgniter\CodeIgniter->runController(Object(App\Controllers\F1))
#5 C:\xampp\htdocs\psg_new\system\CodeIgniter.php(318): CodeIgniter\CodeIgniter->handleRequest(NULL, Object(Config\Cache), false)
#6 C:\xampp\htdocs\psg_new\index.php(37): CodeIgniter\CodeIgniter->run()
#7 {main}
CRITICAL - 2021-12-29 20:07:18 --> CodeIgniter\HTTP\RedirectResponse::to(): Argument #1 ($uri) must be of type string, null given, called in C:\xampp\htdocs\psg_new\app\Controllers\F1.php on line 326
#0 C:\xampp\htdocs\psg_new\app\Controllers\F1.php(326): CodeIgniter\HTTP\RedirectResponse->to(NULL)
#1 C:\xampp\htdocs\psg_new\system\CodeIgniter.php(824): App\Controllers\F1->Formulir1()
#2 C:\xampp\htdocs\psg_new\system\CodeIgniter.php(410): CodeIgniter\CodeIgniter->runController(Object(App\Controllers\F1))
#3 C:\xampp\htdocs\psg_new\system\CodeIgniter.php(318): CodeIgniter\CodeIgniter->handleRequest(NULL, Object(Config\Cache), false)
#4 C:\xampp\htdocs\psg_new\index.php(37): CodeIgniter\CodeIgniter->run()
#5 {main}
CRITICAL - 2021-12-29 20:57:10 --> CodeIgniter\HTTP\RedirectResponse::to(): Argument #1 ($uri) must be of type string, null given, called in C:\xampp\htdocs\psg_new\app\Controllers\F2.php on line 157
#0 C:\xampp\htdocs\psg_new\app\Controllers\F2.php(157): CodeIgniter\HTTP\RedirectResponse->to(NULL)
#1 C:\xampp\htdocs\psg_new\system\CodeIgniter.php(824): App\Controllers\F2->Formulir2()
#2 C:\xampp\htdocs\psg_new\system\CodeIgniter.php(410): CodeIgniter\CodeIgniter->runController(Object(App\Controllers\F2))
#3 C:\xampp\htdocs\psg_new\system\CodeIgniter.php(318): CodeIgniter\CodeIgniter->handleRequest(NULL, Object(Config\Cache), false)
#4 C:\xampp\htdocs\psg_new\index.php(37): CodeIgniter\CodeIgniter->run()
#5 {main}
CRITICAL - 2021-12-29 20:59:03 --> CodeIgniter\HTTP\RedirectResponse::to(): Argument #1 ($uri) must be of type string, null given, called in C:\xampp\htdocs\psg_new\app\Controllers\F1.php on line 300
#0 C:\xampp\htdocs\psg_new\app\Controllers\F1.php(300): CodeIgniter\HTTP\RedirectResponse->to(NULL)
#1 C:\xampp\htdocs\psg_new\system\CodeIgniter.php(824): App\Controllers\F1->Formulir1()
#2 C:\xampp\htdocs\psg_new\system\CodeIgniter.php(410): CodeIgniter\CodeIgniter->runController(Object(App\Controllers\F1))
#3 C:\xampp\htdocs\psg_new\system\CodeIgniter.php(318): CodeIgniter\CodeIgniter->handleRequest(NULL, Object(Config\Cache), false)
#4 C:\xampp\htdocs\psg_new\index.php(37): CodeIgniter\CodeIgniter->run()
#5 {main}
CRITICAL - 2021-12-29 21:01:54 --> CodeIgniter\HTTP\RedirectResponse::to(): Argument #1 ($uri) must be of type string, null given, called in C:\xampp\htdocs\psg_new\app\Controllers\F1.php on line 300
#0 C:\xampp\htdocs\psg_new\app\Controllers\F1.php(300): CodeIgniter\HTTP\RedirectResponse->to(NULL)
#1 C:\xampp\htdocs\psg_new\system\CodeIgniter.php(824): App\Controllers\F1->Formulir1()
#2 C:\xampp\htdocs\psg_new\system\CodeIgniter.php(410): CodeIgniter\CodeIgniter->runController(Object(App\Controllers\F1))
#3 C:\xampp\htdocs\psg_new\system\CodeIgniter.php(318): CodeIgniter\CodeIgniter->handleRequest(NULL, Object(Config\Cache), false)
#4 C:\xampp\htdocs\psg_new\index.php(37): CodeIgniter\CodeIgniter->run()
#5 {main}
CRITICAL - 2021-12-29 21:02:31 --> CodeIgniter\HTTP\RedirectResponse::to(): Argument #1 ($uri) must be of type string, null given, called in C:\xampp\htdocs\psg_new\app\Controllers\F2.php on line 157
#0 C:\xampp\htdocs\psg_new\app\Controllers\F2.php(157): CodeIgniter\HTTP\RedirectResponse->to(NULL)
#1 C:\xampp\htdocs\psg_new\system\CodeIgniter.php(824): App\Controllers\F2->Formulir2()
#2 C:\xampp\htdocs\psg_new\system\CodeIgniter.php(410): CodeIgniter\CodeIgniter->runController(Object(App\Controllers\F2))
#3 C:\xampp\htdocs\psg_new\system\CodeIgniter.php(318): CodeIgniter\CodeIgniter->handleRequest(NULL, Object(Config\Cache), false)
#4 C:\xampp\htdocs\psg_new\index.php(37): CodeIgniter\CodeIgniter->run()
#5 {main}
CRITICAL - 2021-12-29 21:04:29 --> CodeIgniter\HTTP\RedirectResponse::to(): Argument #1 ($uri) must be of type string, null given, called in C:\xampp\htdocs\psg_new\app\Controllers\Cetak.php on line 39
#0 C:\xampp\htdocs\psg_new\app\Controllers\Cetak.php(39): CodeIgniter\HTTP\RedirectResponse->to(NULL)
#1 C:\xampp\htdocs\psg_new\system\CodeIgniter.php(824): App\Controllers\Cetak->index()
#2 C:\xampp\htdocs\psg_new\system\CodeIgniter.php(410): CodeIgniter\CodeIgniter->runController(Object(App\Controllers\Cetak))
#3 C:\xampp\htdocs\psg_new\system\CodeIgniter.php(318): CodeIgniter\CodeIgniter->handleRequest(NULL, Object(Config\Cache), false)
#4 C:\xampp\htdocs\psg_new\index.php(37): CodeIgniter\CodeIgniter->run()
#5 {main}
CRITICAL - 2021-12-29 21:07:25 --> CodeIgniter\HTTP\RedirectResponse::to(): Argument #1 ($uri) must be of type string, null given, called in C:\xampp\htdocs\psg_new\app\Controllers\Cetak.php on line 39
#0 C:\xampp\htdocs\psg_new\app\Controllers\Cetak.php(39): CodeIgniter\HTTP\RedirectResponse->to(NULL)
#1 C:\xampp\htdocs\psg_new\system\CodeIgniter.php(824): App\Controllers\Cetak->index()
#2 C:\xampp\htdocs\psg_new\system\CodeIgniter.php(410): CodeIgniter\CodeIgniter->runController(Object(App\Controllers\Cetak))
#3 C:\xampp\htdocs\psg_new\system\CodeIgniter.php(318): CodeIgniter\CodeIgniter->handleRequest(NULL, Object(Config\Cache), false)
#4 C:\xampp\htdocs\psg_new\index.php(37): CodeIgniter\CodeIgniter->run()
#5 {main}
CRITICAL - 2021-12-29 21:20:31 --> CodeIgniter\HTTP\RedirectResponse::to(): Argument #1 ($uri) must be of type string, null given, called in C:\xampp\htdocs\psg_new\app\Controllers\Cetak.php on line 39
#0 C:\xampp\htdocs\psg_new\app\Controllers\Cetak.php(39): CodeIgniter\HTTP\RedirectResponse->to(NULL)
#1 C:\xampp\htdocs\psg_new\system\CodeIgniter.php(824): App\Controllers\Cetak->index()
#2 C:\xampp\htdocs\psg_new\system\CodeIgniter.php(410): CodeIgniter\CodeIgniter->runController(Object(App\Controllers\Cetak))
#3 C:\xampp\htdocs\psg_new\system\CodeIgniter.php(318): CodeIgniter\CodeIgniter->handleRequest(NULL, Object(Config\Cache), false)
#4 C:\xampp\htdocs\psg_new\index.php(37): CodeIgniter\CodeIgniter->run()
#5 {main}
CRITICAL - 2021-12-29 21:20:54 --> CodeIgniter\HTTP\RedirectResponse::to(): Argument #1 ($uri) must be of type string, null given, called in C:\xampp\htdocs\psg_new\app\Controllers\Admin\Usulan.php on line 65
#0 C:\xampp\htdocs\psg_new\app\Controllers\Admin\Usulan.php(65): CodeIgniter\HTTP\RedirectResponse->to(NULL)
#1 C:\xampp\htdocs\psg_new\system\CodeIgniter.php(824): App\Controllers\Admin\Usulan->ReportUsulan()
#2 C:\xampp\htdocs\psg_new\system\CodeIgniter.php(410): CodeIgniter\CodeIgniter->runController(Object(App\Controllers\Admin\Usulan))
#3 C:\xampp\htdocs\psg_new\system\CodeIgniter.php(318): CodeIgniter\CodeIgniter->handleRequest(NULL, Object(Config\Cache), false)
#4 C:\xampp\htdocs\psg_new\index.php(37): CodeIgniter\CodeIgniter->run()
#5 {main}
CRITICAL - 2021-12-29 21:21:38 --> CodeIgniter\HTTP\RedirectResponse::to(): Argument #1 ($uri) must be of type string, null given, called in C:\xampp\htdocs\psg_new\app\Controllers\Admin\Usulan.php on line 65
#0 C:\xampp\htdocs\psg_new\app\Controllers\Admin\Usulan.php(65): CodeIgniter\HTTP\RedirectResponse->to(NULL)
#1 C:\xampp\htdocs\psg_new\system\CodeIgniter.php(824): App\Controllers\Admin\Usulan->ReportUsulan()
#2 C:\xampp\htdocs\psg_new\system\CodeIgniter.php(410): CodeIgniter\CodeIgniter->runController(Object(App\Controllers\Admin\Usulan))
#3 C:\xampp\htdocs\psg_new\system\CodeIgniter.php(318): CodeIgniter\CodeIgniter->handleRequest(NULL, Object(Config\Cache), false)
#4 C:\xampp\htdocs\psg_new\index.php(37): CodeIgniter\CodeIgniter->run()
#5 {main}
CRITICAL - 2021-12-29 21:22:01 --> CodeIgniter\HTTP\RedirectResponse::to(): Argument #1 ($uri) must be of type string, null given, called in C:\xampp\htdocs\psg_new\app\Controllers\Admin\Usulan.php on line 65
#0 C:\xampp\htdocs\psg_new\app\Controllers\Admin\Usulan.php(65): CodeIgniter\HTTP\RedirectResponse->to(NULL)
#1 C:\xampp\htdocs\psg_new\system\CodeIgniter.php(824): App\Controllers\Admin\Usulan->ReportUsulan()
#2 C:\xampp\htdocs\psg_new\system\CodeIgniter.php(410): CodeIgniter\CodeIgniter->runController(Object(App\Controllers\Admin\Usulan))
#3 C:\xampp\htdocs\psg_new\system\CodeIgniter.php(318): CodeIgniter\CodeIgniter->handleRequest(NULL, Object(Config\Cache), false)
#4 C:\xampp\htdocs\psg_new\index.php(37): CodeIgniter\CodeIgniter->run()
#5 {main}
