CRITICAL - 2022-01-24 20:06:42 --> Attempt to read property "nama" on null
#0 C:\xampp\htdocs\psg_new\app\Controllers\Admin\Usulan.php(53): CodeIgniter\Debug\Exceptions->errorHandler(2, 'Attempt to read...', 'C:\\xampp\\htdocs...', 53)
#1 C:\xampp\htdocs\psg_new\system\CodeIgniter.php(824): App\Controllers\Admin\Usulan->ReportUsulan()
#2 C:\xampp\htdocs\psg_new\system\CodeIgniter.php(410): CodeIgniter\CodeIgniter->runController(Object(App\Controllers\Admin\Usulan))
#3 C:\xampp\htdocs\psg_new\system\CodeIgniter.php(318): CodeIgniter\CodeIgniter->handleRequest(NULL, Object(Config\Cache), false)
#4 C:\xampp\htdocs\psg_new\index.php(37): CodeIgniter\CodeIgniter->run()
#5 {main}
CRITICAL - 2022-01-24 20:16:13 --> Attempt to read property "nama" on null
#0 C:\xampp\htdocs\psg_new\app\Controllers\Admin\Usulan.php(53): CodeIgniter\Debug\Exceptions->errorHandler(2, 'Attempt to read...', 'C:\\xampp\\htdocs...', 53)
#1 C:\xampp\htdocs\psg_new\system\CodeIgniter.php(824): App\Controllers\Admin\Usulan->ReportUsulan()
#2 C:\xampp\htdocs\psg_new\system\CodeIgniter.php(410): CodeIgniter\CodeIgniter->runController(Object(App\Controllers\Admin\Usulan))
#3 C:\xampp\htdocs\psg_new\system\CodeIgniter.php(318): CodeIgniter\CodeIgniter->handleRequest(NULL, Object(Config\Cache), false)
#4 C:\xampp\htdocs\psg_new\index.php(37): CodeIgniter\CodeIgniter->run()
#5 {main}
CRITICAL - 2022-01-24 20:16:56 --> Attempt to read property "nama" on null
#0 C:\xampp\htdocs\psg_new\app\Controllers\Admin\Usulan.php(53): CodeIgniter\Debug\Exceptions->errorHandler(2, 'Attempt to read...', 'C:\\xampp\\htdocs...', 53)
#1 C:\xampp\htdocs\psg_new\system\CodeIgniter.php(824): App\Controllers\Admin\Usulan->ReportUsulan()
#2 C:\xampp\htdocs\psg_new\system\CodeIgniter.php(410): CodeIgniter\CodeIgniter->runController(Object(App\Controllers\Admin\Usulan))
#3 C:\xampp\htdocs\psg_new\system\CodeIgniter.php(318): CodeIgniter\CodeIgniter->handleRequest(NULL, Object(Config\Cache), false)
#4 C:\xampp\htdocs\psg_new\index.php(37): CodeIgniter\CodeIgniter->run()
#5 {main}
CRITICAL - 2022-01-24 20:16:58 --> Attempt to read property "nama" on null
#0 C:\xampp\htdocs\psg_new\app\Controllers\Admin\Usulan.php(53): CodeIgniter\Debug\Exceptions->errorHandler(2, 'Attempt to read...', 'C:\\xampp\\htdocs...', 53)
#1 C:\xampp\htdocs\psg_new\system\CodeIgniter.php(824): App\Controllers\Admin\Usulan->ReportUsulan()
#2 C:\xampp\htdocs\psg_new\system\CodeIgniter.php(410): CodeIgniter\CodeIgniter->runController(Object(App\Controllers\Admin\Usulan))
#3 C:\xampp\htdocs\psg_new\system\CodeIgniter.php(318): CodeIgniter\CodeIgniter->handleRequest(NULL, Object(Config\Cache), false)
#4 C:\xampp\htdocs\psg_new\index.php(37): CodeIgniter\CodeIgniter->run()
#5 {main}
CRITICAL - 2022-01-24 20:17:14 --> Attempt to read property "nama" on null
#0 C:\xampp\htdocs\psg_new\app\Controllers\Admin\Usulan.php(53): CodeIgniter\Debug\Exceptions->errorHandler(2, 'Attempt to read...', 'C:\\xampp\\htdocs...', 53)
#1 C:\xampp\htdocs\psg_new\system\CodeIgniter.php(824): App\Controllers\Admin\Usulan->ReportUsulan()
#2 C:\xampp\htdocs\psg_new\system\CodeIgniter.php(410): CodeIgniter\CodeIgniter->runController(Object(App\Controllers\Admin\Usulan))
#3 C:\xampp\htdocs\psg_new\system\CodeIgniter.php(318): CodeIgniter\CodeIgniter->handleRequest(NULL, Object(Config\Cache), false)
#4 C:\xampp\htdocs\psg_new\index.php(37): CodeIgniter\CodeIgniter->run()
#5 {main}
CRITICAL - 2022-01-24 20:17:33 --> Attempt to read property "nama" on null
#0 C:\xampp\htdocs\psg_new\app\Controllers\Admin\Usulan.php(53): CodeIgniter\Debug\Exceptions->errorHandler(2, 'Attempt to read...', 'C:\\xampp\\htdocs...', 53)
#1 C:\xampp\htdocs\psg_new\system\CodeIgniter.php(824): App\Controllers\Admin\Usulan->ReportUsulan()
#2 C:\xampp\htdocs\psg_new\system\CodeIgniter.php(410): CodeIgniter\CodeIgniter->runController(Object(App\Controllers\Admin\Usulan))
#3 C:\xampp\htdocs\psg_new\system\CodeIgniter.php(318): CodeIgniter\CodeIgniter->handleRequest(NULL, Object(Config\Cache), false)
#4 C:\xampp\htdocs\psg_new\index.php(37): CodeIgniter\CodeIgniter->run()
#5 {main}
CRITICAL - 2022-01-24 20:18:02 --> Attempt to read property "nama" on null
#0 C:\xampp\htdocs\psg_new\app\Controllers\Admin\Usulan.php(53): CodeIgniter\Debug\Exceptions->errorHandler(2, 'Attempt to read...', 'C:\\xampp\\htdocs...', 53)
#1 C:\xampp\htdocs\psg_new\system\CodeIgniter.php(824): App\Controllers\Admin\Usulan->ReportUsulan()
#2 C:\xampp\htdocs\psg_new\system\CodeIgniter.php(410): CodeIgniter\CodeIgniter->runController(Object(App\Controllers\Admin\Usulan))
#3 C:\xampp\htdocs\psg_new\system\CodeIgniter.php(318): CodeIgniter\CodeIgniter->handleRequest(NULL, Object(Config\Cache), false)
#4 C:\xampp\htdocs\psg_new\index.php(37): CodeIgniter\CodeIgniter->run()
#5 {main}
CRITICAL - 2022-01-24 20:18:22 --> Attempt to read property "nama" on null
#0 C:\xampp\htdocs\psg_new\app\Controllers\Admin\Usulan.php(53): CodeIgniter\Debug\Exceptions->errorHandler(2, 'Attempt to read...', 'C:\\xampp\\htdocs...', 53)
#1 C:\xampp\htdocs\psg_new\system\CodeIgniter.php(824): App\Controllers\Admin\Usulan->ReportUsulan()
#2 C:\xampp\htdocs\psg_new\system\CodeIgniter.php(410): CodeIgniter\CodeIgniter->runController(Object(App\Controllers\Admin\Usulan))
#3 C:\xampp\htdocs\psg_new\system\CodeIgniter.php(318): CodeIgniter\CodeIgniter->handleRequest(NULL, Object(Config\Cache), false)
#4 C:\xampp\htdocs\psg_new\index.php(37): CodeIgniter\CodeIgniter->run()
#5 {main}
CRITICAL - 2022-01-24 20:18:27 --> Attempt to read property "nama" on null
#0 C:\xampp\htdocs\psg_new\app\Controllers\Admin\Usulan.php(53): CodeIgniter\Debug\Exceptions->errorHandler(2, 'Attempt to read...', 'C:\\xampp\\htdocs...', 53)
#1 C:\xampp\htdocs\psg_new\system\CodeIgniter.php(824): App\Controllers\Admin\Usulan->ReportUsulan()
#2 C:\xampp\htdocs\psg_new\system\CodeIgniter.php(410): CodeIgniter\CodeIgniter->runController(Object(App\Controllers\Admin\Usulan))
#3 C:\xampp\htdocs\psg_new\system\CodeIgniter.php(318): CodeIgniter\CodeIgniter->handleRequest(NULL, Object(Config\Cache), false)
#4 C:\xampp\htdocs\psg_new\index.php(37): CodeIgniter\CodeIgniter->run()
#5 {main}
CRITICAL - 2022-01-24 20:21:40 --> Too few arguments to function App\Models\admin\ModelUsulan::getReport(), 1 passed in C:\xampp\htdocs\psg_new\app\Controllers\Admin\Usulan.php on line 50 and exactly 2 expected
#0 C:\xampp\htdocs\psg_new\app\Controllers\Admin\Usulan.php(50): App\Models\admin\ModelUsulan->getReport('SMA')
#1 C:\xampp\htdocs\psg_new\system\CodeIgniter.php(824): App\Controllers\Admin\Usulan->ReportUsulan()
#2 C:\xampp\htdocs\psg_new\system\CodeIgniter.php(410): CodeIgniter\CodeIgniter->runController(Object(App\Controllers\Admin\Usulan))
#3 C:\xampp\htdocs\psg_new\system\CodeIgniter.php(318): CodeIgniter\CodeIgniter->handleRequest(NULL, Object(Config\Cache), false)
#4 C:\xampp\htdocs\psg_new\index.php(37): CodeIgniter\CodeIgniter->run()
#5 {main}
CRITICAL - 2022-01-24 20:22:18 --> Undefined variable $id
#0 C:\xampp\htdocs\psg_new\app\Models\admin\ModelUsulan.php(106): CodeIgniter\Debug\Exceptions->errorHandler(2, 'Undefined varia...', 'C:\\xampp\\htdocs...', 106)
#1 C:\xampp\htdocs\psg_new\app\Controllers\Admin\Usulan.php(50): App\Models\admin\ModelUsulan->getReportAll('SMA')
#2 C:\xampp\htdocs\psg_new\system\CodeIgniter.php(824): App\Controllers\Admin\Usulan->ReportUsulan()
#3 C:\xampp\htdocs\psg_new\system\CodeIgniter.php(410): CodeIgniter\CodeIgniter->runController(Object(App\Controllers\Admin\Usulan))
#4 C:\xampp\htdocs\psg_new\system\CodeIgniter.php(318): CodeIgniter\CodeIgniter->handleRequest(NULL, Object(Config\Cache), false)
#5 C:\xampp\htdocs\psg_new\index.php(37): CodeIgniter\CodeIgniter->run()
#6 {main}
CRITICAL - 2022-01-24 20:22:29 --> Undefined variable $kota
#0 C:\xampp\htdocs\psg_new\app\Views\admin\reportusulan.php(67): CodeIgniter\Debug\Exceptions->errorHandler(2, 'Undefined varia...', 'C:\\xampp\\htdocs...', 67)
#1 C:\xampp\htdocs\psg_new\system\View\View.php(214): include('C:\\xampp\\htdocs...')
#2 C:\xampp\htdocs\psg_new\system\View\View.php(217): CodeIgniter\View\View->CodeIgniter\View\{closure}()
#3 C:\xampp\htdocs\psg_new\system\Common.php(1097): CodeIgniter\View\View->render('admin/reportusu...', Array, true)
#4 C:\xampp\htdocs\psg_new\app\Controllers\Admin\Usulan.php(68): view('admin/reportusu...', Array)
#5 C:\xampp\htdocs\psg_new\system\CodeIgniter.php(824): App\Controllers\Admin\Usulan->ReportUsulan()
#6 C:\xampp\htdocs\psg_new\system\CodeIgniter.php(410): CodeIgniter\CodeIgniter->runController(Object(App\Controllers\Admin\Usulan))
#7 C:\xampp\htdocs\psg_new\system\CodeIgniter.php(318): CodeIgniter\CodeIgniter->handleRequest(NULL, Object(Config\Cache), false)
#8 C:\xampp\htdocs\psg_new\index.php(37): CodeIgniter\CodeIgniter->run()
#9 {main}
CRITICAL - 2022-01-24 20:24:25 --> syntax error, unexpected token "}"
#0 C:\xampp\htdocs\psg_new\system\View\View.php(217): CodeIgniter\View\View->CodeIgniter\View\{closure}()
#1 C:\xampp\htdocs\psg_new\system\Common.php(1097): CodeIgniter\View\View->render('admin/reportusu...', Array, true)
#2 C:\xampp\htdocs\psg_new\app\Controllers\Admin\Usulan.php(68): view('admin/reportusu...', Array)
#3 C:\xampp\htdocs\psg_new\system\CodeIgniter.php(824): App\Controllers\Admin\Usulan->ReportUsulan()
#4 C:\xampp\htdocs\psg_new\system\CodeIgniter.php(410): CodeIgniter\CodeIgniter->runController(Object(App\Controllers\Admin\Usulan))
#5 C:\xampp\htdocs\psg_new\system\CodeIgniter.php(318): CodeIgniter\CodeIgniter->handleRequest(NULL, Object(Config\Cache), false)
#6 C:\xampp\htdocs\psg_new\index.php(37): CodeIgniter\CodeIgniter->run()
#7 {main}
CRITICAL - 2022-01-24 20:24:46 --> Undefined variable $kota
#0 C:\xampp\htdocs\psg_new\app\Views\admin\reportusulan.php(67): CodeIgniter\Debug\Exceptions->errorHandler(2, 'Undefined varia...', 'C:\\xampp\\htdocs...', 67)
#1 C:\xampp\htdocs\psg_new\system\View\View.php(214): include('C:\\xampp\\htdocs...')
#2 C:\xampp\htdocs\psg_new\system\View\View.php(217): CodeIgniter\View\View->CodeIgniter\View\{closure}()
#3 C:\xampp\htdocs\psg_new\system\Common.php(1097): CodeIgniter\View\View->render('admin/reportusu...', Array, true)
#4 C:\xampp\htdocs\psg_new\app\Controllers\Admin\Usulan.php(68): view('admin/reportusu...', Array)
#5 C:\xampp\htdocs\psg_new\system\CodeIgniter.php(824): App\Controllers\Admin\Usulan->ReportUsulan()
#6 C:\xampp\htdocs\psg_new\system\CodeIgniter.php(410): CodeIgniter\CodeIgniter->runController(Object(App\Controllers\Admin\Usulan))
#7 C:\xampp\htdocs\psg_new\system\CodeIgniter.php(318): CodeIgniter\CodeIgniter->handleRequest(NULL, Object(Config\Cache), false)
#8 C:\xampp\htdocs\psg_new\index.php(37): CodeIgniter\CodeIgniter->run()
#9 {main}
CRITICAL - 2022-01-24 20:25:40 --> CodeIgniter\HTTP\RedirectResponse::to(): Argument #1 ($uri) must be of type string, null given, called in C:\xampp\htdocs\psg_new\app\Controllers\Admin\Usulan.php on line 70
#0 C:\xampp\htdocs\psg_new\app\Controllers\Admin\Usulan.php(70): CodeIgniter\HTTP\RedirectResponse->to(NULL)
#1 C:\xampp\htdocs\psg_new\system\CodeIgniter.php(824): App\Controllers\Admin\Usulan->ReportUsulan()
#2 C:\xampp\htdocs\psg_new\system\CodeIgniter.php(410): CodeIgniter\CodeIgniter->runController(Object(App\Controllers\Admin\Usulan))
#3 C:\xampp\htdocs\psg_new\system\CodeIgniter.php(318): CodeIgniter\CodeIgniter->handleRequest(NULL, Object(Config\Cache), false)
#4 C:\xampp\htdocs\psg_new\index.php(37): CodeIgniter\CodeIgniter->run()
#5 {main}
CRITICAL - 2022-01-24 20:26:18 --> CodeIgniter\HTTP\RedirectResponse::to(): Argument #1 ($uri) must be of type string, null given, called in C:\xampp\htdocs\psg_new\app\Controllers\Admin\Usulan.php on line 70
#0 C:\xampp\htdocs\psg_new\app\Controllers\Admin\Usulan.php(70): CodeIgniter\HTTP\RedirectResponse->to(NULL)
#1 C:\xampp\htdocs\psg_new\system\CodeIgniter.php(824): App\Controllers\Admin\Usulan->ReportUsulan()
#2 C:\xampp\htdocs\psg_new\system\CodeIgniter.php(410): CodeIgniter\CodeIgniter->runController(Object(App\Controllers\Admin\Usulan))
#3 C:\xampp\htdocs\psg_new\system\CodeIgniter.php(318): CodeIgniter\CodeIgniter->handleRequest(NULL, Object(Config\Cache), false)
#4 C:\xampp\htdocs\psg_new\index.php(37): CodeIgniter\CodeIgniter->run()
#5 {main}
CRITICAL - 2022-01-24 20:26:25 --> CodeIgniter\HTTP\RedirectResponse::to(): Argument #1 ($uri) must be of type string, null given, called in C:\xampp\htdocs\psg_new\app\Controllers\Admin\Usulan.php on line 70
#0 C:\xampp\htdocs\psg_new\app\Controllers\Admin\Usulan.php(70): CodeIgniter\HTTP\RedirectResponse->to(NULL)
#1 C:\xampp\htdocs\psg_new\system\CodeIgniter.php(824): App\Controllers\Admin\Usulan->ReportUsulan()
#2 C:\xampp\htdocs\psg_new\system\CodeIgniter.php(410): CodeIgniter\CodeIgniter->runController(Object(App\Controllers\Admin\Usulan))
#3 C:\xampp\htdocs\psg_new\system\CodeIgniter.php(318): CodeIgniter\CodeIgniter->handleRequest(NULL, Object(Config\Cache), false)
#4 C:\xampp\htdocs\psg_new\index.php(37): CodeIgniter\CodeIgniter->run()
#5 {main}
CRITICAL - 2022-01-24 20:26:51 --> CodeIgniter\HTTP\RedirectResponse::to(): Argument #1 ($uri) must be of type string, null given, called in C:\xampp\htdocs\psg_new\app\Controllers\Admin\Usulan.php on line 70
#0 C:\xampp\htdocs\psg_new\app\Controllers\Admin\Usulan.php(70): CodeIgniter\HTTP\RedirectResponse->to(NULL)
#1 C:\xampp\htdocs\psg_new\system\CodeIgniter.php(824): App\Controllers\Admin\Usulan->ReportUsulan()
#2 C:\xampp\htdocs\psg_new\system\CodeIgniter.php(410): CodeIgniter\CodeIgniter->runController(Object(App\Controllers\Admin\Usulan))
#3 C:\xampp\htdocs\psg_new\system\CodeIgniter.php(318): CodeIgniter\CodeIgniter->handleRequest(NULL, Object(Config\Cache), false)
#4 C:\xampp\htdocs\psg_new\index.php(37): CodeIgniter\CodeIgniter->run()
#5 {main}
CRITICAL - 2022-01-24 20:27:21 --> CodeIgniter\HTTP\RedirectResponse::to(): Argument #1 ($uri) must be of type string, null given, called in C:\xampp\htdocs\psg_new\app\Controllers\Admin\Usulan.php on line 70
#0 C:\xampp\htdocs\psg_new\app\Controllers\Admin\Usulan.php(70): CodeIgniter\HTTP\RedirectResponse->to(NULL)
#1 C:\xampp\htdocs\psg_new\system\CodeIgniter.php(824): App\Controllers\Admin\Usulan->ReportUsulan()
#2 C:\xampp\htdocs\psg_new\system\CodeIgniter.php(410): CodeIgniter\CodeIgniter->runController(Object(App\Controllers\Admin\Usulan))
#3 C:\xampp\htdocs\psg_new\system\CodeIgniter.php(318): CodeIgniter\CodeIgniter->handleRequest(NULL, Object(Config\Cache), false)
#4 C:\xampp\htdocs\psg_new\index.php(37): CodeIgniter\CodeIgniter->run()
#5 {main}
CRITICAL - 2022-01-24 20:27:40 --> CodeIgniter\HTTP\RedirectResponse::to(): Argument #1 ($uri) must be of type string, null given, called in C:\xampp\htdocs\psg_new\app\Controllers\Admin\Usulan.php on line 70
#0 C:\xampp\htdocs\psg_new\app\Controllers\Admin\Usulan.php(70): CodeIgniter\HTTP\RedirectResponse->to(NULL)
#1 C:\xampp\htdocs\psg_new\system\CodeIgniter.php(824): App\Controllers\Admin\Usulan->ReportUsulan()
#2 C:\xampp\htdocs\psg_new\system\CodeIgniter.php(410): CodeIgniter\CodeIgniter->runController(Object(App\Controllers\Admin\Usulan))
#3 C:\xampp\htdocs\psg_new\system\CodeIgniter.php(318): CodeIgniter\CodeIgniter->handleRequest(NULL, Object(Config\Cache), false)
#4 C:\xampp\htdocs\psg_new\index.php(37): CodeIgniter\CodeIgniter->run()
#5 {main}
CRITICAL - 2022-01-24 20:27:58 --> CodeIgniter\HTTP\RedirectResponse::to(): Argument #1 ($uri) must be of type string, null given, called in C:\xampp\htdocs\psg_new\app\Controllers\Admin\Usulan.php on line 70
#0 C:\xampp\htdocs\psg_new\app\Controllers\Admin\Usulan.php(70): CodeIgniter\HTTP\RedirectResponse->to(NULL)
#1 C:\xampp\htdocs\psg_new\system\CodeIgniter.php(824): App\Controllers\Admin\Usulan->ReportUsulan()
#2 C:\xampp\htdocs\psg_new\system\CodeIgniter.php(410): CodeIgniter\CodeIgniter->runController(Object(App\Controllers\Admin\Usulan))
#3 C:\xampp\htdocs\psg_new\system\CodeIgniter.php(318): CodeIgniter\CodeIgniter->handleRequest(NULL, Object(Config\Cache), false)
#4 C:\xampp\htdocs\psg_new\index.php(37): CodeIgniter\CodeIgniter->run()
#5 {main}
CRITICAL - 2022-01-24 20:28:33 --> CodeIgniter\HTTP\RedirectResponse::to(): Argument #1 ($uri) must be of type string, null given, called in C:\xampp\htdocs\psg_new\app\Controllers\Admin\Usulan.php on line 70
#0 C:\xampp\htdocs\psg_new\app\Controllers\Admin\Usulan.php(70): CodeIgniter\HTTP\RedirectResponse->to(NULL)
#1 C:\xampp\htdocs\psg_new\system\CodeIgniter.php(824): App\Controllers\Admin\Usulan->ReportUsulan()
#2 C:\xampp\htdocs\psg_new\system\CodeIgniter.php(410): CodeIgniter\CodeIgniter->runController(Object(App\Controllers\Admin\Usulan))
#3 C:\xampp\htdocs\psg_new\system\CodeIgniter.php(318): CodeIgniter\CodeIgniter->handleRequest(NULL, Object(Config\Cache), false)
#4 C:\xampp\htdocs\psg_new\index.php(37): CodeIgniter\CodeIgniter->run()
#5 {main}
CRITICAL - 2022-01-24 20:28:36 --> CodeIgniter\HTTP\RedirectResponse::to(): Argument #1 ($uri) must be of type string, null given, called in C:\xampp\htdocs\psg_new\app\Controllers\Admin\Usulan.php on line 70
#0 C:\xampp\htdocs\psg_new\app\Controllers\Admin\Usulan.php(70): CodeIgniter\HTTP\RedirectResponse->to(NULL)
#1 C:\xampp\htdocs\psg_new\system\CodeIgniter.php(824): App\Controllers\Admin\Usulan->ReportUsulan()
#2 C:\xampp\htdocs\psg_new\system\CodeIgniter.php(410): CodeIgniter\CodeIgniter->runController(Object(App\Controllers\Admin\Usulan))
#3 C:\xampp\htdocs\psg_new\system\CodeIgniter.php(318): CodeIgniter\CodeIgniter->handleRequest(NULL, Object(Config\Cache), false)
#4 C:\xampp\htdocs\psg_new\index.php(37): CodeIgniter\CodeIgniter->run()
#5 {main}
CRITICAL - 2022-01-24 20:30:31 --> CodeIgniter\HTTP\RedirectResponse::to(): Argument #1 ($uri) must be of type string, null given, called in C:\xampp\htdocs\psg_new\app\Controllers\Admin\Usulan.php on line 70
#0 C:\xampp\htdocs\psg_new\app\Controllers\Admin\Usulan.php(70): CodeIgniter\HTTP\RedirectResponse->to(NULL)
#1 C:\xampp\htdocs\psg_new\system\CodeIgniter.php(824): App\Controllers\Admin\Usulan->ReportUsulan()
#2 C:\xampp\htdocs\psg_new\system\CodeIgniter.php(410): CodeIgniter\CodeIgniter->runController(Object(App\Controllers\Admin\Usulan))
#3 C:\xampp\htdocs\psg_new\system\CodeIgniter.php(318): CodeIgniter\CodeIgniter->handleRequest(NULL, Object(Config\Cache), false)
#4 C:\xampp\htdocs\psg_new\index.php(37): CodeIgniter\CodeIgniter->run()
#5 {main}
CRITICAL - 2022-01-24 20:30:59 --> CodeIgniter\HTTP\RedirectResponse::to(): Argument #1 ($uri) must be of type string, null given, called in C:\xampp\htdocs\psg_new\app\Controllers\Admin\Usulan.php on line 70
#0 C:\xampp\htdocs\psg_new\app\Controllers\Admin\Usulan.php(70): CodeIgniter\HTTP\RedirectResponse->to(NULL)
#1 C:\xampp\htdocs\psg_new\system\CodeIgniter.php(824): App\Controllers\Admin\Usulan->ReportUsulan()
#2 C:\xampp\htdocs\psg_new\system\CodeIgniter.php(410): CodeIgniter\CodeIgniter->runController(Object(App\Controllers\Admin\Usulan))
#3 C:\xampp\htdocs\psg_new\system\CodeIgniter.php(318): CodeIgniter\CodeIgniter->handleRequest(NULL, Object(Config\Cache), false)
#4 C:\xampp\htdocs\psg_new\index.php(37): CodeIgniter\CodeIgniter->run()
#5 {main}
CRITICAL - 2022-01-24 20:39:09 --> CodeIgniter\HTTP\RedirectResponse::to(): Argument #1 ($uri) must be of type string, null given, called in C:\xampp\htdocs\psg_new\app\Controllers\Admin\Usulan.php on line 70
#0 C:\xampp\htdocs\psg_new\app\Controllers\Admin\Usulan.php(70): CodeIgniter\HTTP\RedirectResponse->to(NULL)
#1 C:\xampp\htdocs\psg_new\system\CodeIgniter.php(824): App\Controllers\Admin\Usulan->ReportUsulan()
#2 C:\xampp\htdocs\psg_new\system\CodeIgniter.php(410): CodeIgniter\CodeIgniter->runController(Object(App\Controllers\Admin\Usulan))
#3 C:\xampp\htdocs\psg_new\system\CodeIgniter.php(318): CodeIgniter\CodeIgniter->handleRequest(NULL, Object(Config\Cache), false)
#4 C:\xampp\htdocs\psg_new\index.php(37): CodeIgniter\CodeIgniter->run()
#5 {main}
CRITICAL - 2022-01-24 21:06:23 --> Undefined array key "tw"
#0 C:\xampp\htdocs\psg_new\app\Views\admin\usulan.php(66): CodeIgniter\Debug\Exceptions->errorHandler(2, 'Undefined array...', 'C:\\xampp\\htdocs...', 66)
#1 C:\xampp\htdocs\psg_new\system\View\View.php(214): include('C:\\xampp\\htdocs...')
#2 C:\xampp\htdocs\psg_new\system\View\View.php(217): CodeIgniter\View\View->CodeIgniter\View\{closure}()
#3 C:\xampp\htdocs\psg_new\system\Common.php(1097): CodeIgniter\View\View->render('admin/usulan', Array, true)
#4 C:\xampp\htdocs\psg_new\app\Views\admin\layout\v_content.php(3): view('admin/usulan')
#5 C:\xampp\htdocs\psg_new\system\View\View.php(214): include('C:\\xampp\\htdocs...')
#6 C:\xampp\htdocs\psg_new\system\View\View.php(217): CodeIgniter\View\View->CodeIgniter\View\{closure}()
#7 C:\xampp\htdocs\psg_new\system\Common.php(1097): CodeIgniter\View\View->render('admin/layout/v_...', Array, true)
#8 C:\xampp\htdocs\psg_new\app\Views\admin\layout\v_wrap.php(5): view('admin/layout/v_...')
#9 C:\xampp\htdocs\psg_new\system\View\View.php(214): include('C:\\xampp\\htdocs...')
#10 C:\xampp\htdocs\psg_new\system\View\View.php(217): CodeIgniter\View\View->CodeIgniter\View\{closure}()
#11 C:\xampp\htdocs\psg_new\system\Common.php(1097): CodeIgniter\View\View->render('admin/layout/v_...', Array, true)
#12 C:\xampp\htdocs\psg_new\app\Controllers\Admin\Usulan.php(44): view('admin/layout/v_...', Array)
#13 C:\xampp\htdocs\psg_new\system\CodeIgniter.php(824): App\Controllers\Admin\Usulan->index()
#14 C:\xampp\htdocs\psg_new\system\CodeIgniter.php(410): CodeIgniter\CodeIgniter->runController(Object(App\Controllers\Admin\Usulan))
#15 C:\xampp\htdocs\psg_new\system\CodeIgniter.php(318): CodeIgniter\CodeIgniter->handleRequest(NULL, Object(Config\Cache), false)
#16 C:\xampp\htdocs\psg_new\index.php(37): CodeIgniter\CodeIgniter->run()
#17 {main}
CRITICAL - 2022-01-24 21:46:46 --> CodeIgniter\HTTP\RedirectResponse::to(): Argument #1 ($uri) must be of type string, null given, called in C:\xampp\htdocs\psg_new\app\Controllers\Admin\Usulan.php on line 72
#0 C:\xampp\htdocs\psg_new\app\Controllers\Admin\Usulan.php(72): CodeIgniter\HTTP\RedirectResponse->to(NULL)
#1 C:\xampp\htdocs\psg_new\system\CodeIgniter.php(824): App\Controllers\Admin\Usulan->ReportUsulan()
#2 C:\xampp\htdocs\psg_new\system\CodeIgniter.php(410): CodeIgniter\CodeIgniter->runController(Object(App\Controllers\Admin\Usulan))
#3 C:\xampp\htdocs\psg_new\system\CodeIgniter.php(318): CodeIgniter\CodeIgniter->handleRequest(NULL, Object(Config\Cache), false)
#4 C:\xampp\htdocs\psg_new\index.php(37): CodeIgniter\CodeIgniter->run()
#5 {main}
